\BOOKMARK [1][-]{section*.2}{Editorial}{}% 1
\BOOKMARK [1][-]{section*.3}{Palabras del presidente}{}% 2
\BOOKMARK [1][-]{section.1}{Marzo, mes de las Matem\341ticas: La apuesta por la divulgaci\363n matem\341tica cooperativa}{}% 3
\BOOKMARK [2][-]{subsection.1.1}{Exposici\363n <<Matem\341ticas para un mundo mejor>>}{section.1}% 4
\BOOKMARK [2][-]{subsection.1.2}{\277Una exposici\363n de Matem\341ticas?}{section.1}% 5
\BOOKMARK [2][-]{subsection.1.3}{P\372blico al que se dirige}{section.1}% 6
\BOOKMARK [2][-]{subsection.1.4}{Contenidos}{section.1}% 7
\BOOKMARK [2][-]{subsection.1.5}{Una exposici\363n virtual }{section.1}% 8
\BOOKMARK [2][-]{subsection.1.6}{Los autores }{section.1}% 9
\BOOKMARK [2][-]{subsection.1.7}{Tarjetas matem\341ticas }{section.1}% 10
\BOOKMARK [2][-]{subsection.1.8}{Tarjetas Matem\341ticas + Literatura}{section.1}% 11
\BOOKMARK [2][-]{subsection.1.9}{Tarjetas Pasatiempos matem\341ticos}{section.1}% 12
\BOOKMARK [2][-]{subsection.1.10}{Tarjetas \277Sab\355as que?}{section.1}% 13
\BOOKMARK [2][-]{subsection.1.11}{Papiroflexia }{section.1}% 14
\BOOKMARK [2][-]{subsection.1.12}{Talleres de papiroflexia matem\341tica}{section.1}% 15
\BOOKMARK [2][-]{subsection.1.13}{Papiroproblemas}{section.1}% 16
\BOOKMARK [2][-]{subsection.1.14}{Material 3D y MathCityMap}{section.1}% 17
\BOOKMARK [2][-]{subsection.1.15}{Escape Rooms}{section.1}% 18
\BOOKMARK [2][-]{subsection.1.16}{Sostenibilidad y matem\341ticas }{section.1}% 19
\BOOKMARK [3][-]{subsubsection.1.16.1}{Consumo de agua}{subsection.1.16}% 20
\BOOKMARK [3][-]{subsubsection.1.16.2}{Tratamiento de residuos}{subsection.1.16}% 21
\BOOKMARK [2][-]{subsection.1.17}{Exposici\363n de fotograf\355a y concurso escolar}{section.1}% 22
\BOOKMARK [2][-]{subsection.1.18}{Conferencias, mon\363logos y talleres}{section.1}% 23
\BOOKMARK [1][-]{section.2}{Art\355culo de la Comisi\363n Cient\355fica de la RSME sobre el factor de impacto de las revistas en los procesos de evaluaci\363n}{}% 24
\BOOKMARK [1][-]{section.3}{XXVI CEDYA / XVI CMA Gij\363n}{}% 25
\BOOKMARK [1][-]{section.4}{Obituario: Ireneo Peral Alonso}{}% 26
\BOOKMARK [2][-]{subsection.4.1}{Estelas en el mar: recordando a Ireneo Peral \(1946\2052021\)}{section.4}% 27
\BOOKMARK [2][-]{subsection.4.2}{Ireneo Peral y el renacer de las matem\341ticas en Espa\361a}{section.4}% 28
\BOOKMARK [2][-]{subsection.4.3}{Ireneo Peral en la memoria}{section.4}% 29
\BOOKMARK [2][-]{subsection.4.4}{\253Per Ireneo\273}{section.4}% 30
\BOOKMARK [2][-]{subsection.4.5}{Ireneo Peral: mi hermano mayor}{section.4}% 31
\BOOKMARK [1][-]{section.5}{Anuncios}{}% 32
\BOOKMARK [2][-]{subsection.5.1}{Journ\351e scientifique du groupe SMAI-SIGMA, Mardi 19 Octobre 2021}{section.5}% 33
\BOOKMARK [2][-]{subsection.5.2}{New Bridges between Mathematics and Data Science}{section.5}% 34
\BOOKMARK [2][-]{subsection.5.3}{Non-Linear Analysis and Control Theory}{section.5}% 35
\BOOKMARK [2][-]{subsection.5.4}{Four full professorships - Open topic in Data Science}{section.5}% 36
\BOOKMARK [2][-]{subsection.5.5}{27th Edition of the International Conference on Transport Theory}{section.5}% 37
\BOOKMARK [2][-]{subsection.5.6}{Actividades del Instituto de Matem\341ticas de la Universidad de Sevilla, IMUS}{section.5}% 38
\BOOKMARK [2][-]{subsection.5.7}{Basque Center for Applied Mathematics: Severo Ochoa Course program}{section.5}% 39
\BOOKMARK [3][-]{subsubsection.5.7.1}{Course 1}{subsection.5.7}% 40
\BOOKMARK [3][-]{subsubsection.5.7.2}{Course 2}{subsection.5.7}% 41
\BOOKMARK [3][-]{subsubsection.5.7.3}{Course 3}{subsection.5.7}% 42
\BOOKMARK [2][-]{subsection.5.8}{Nuevo volumen de la serie SEMA-SIMAI: Lecture Notes of the XVIII Jacques-Louis Lions Spanish-French School}{section.5}% 43
\BOOKMARK [1][-]{section.6}{SEMA Journal}{}% 44
\BOOKMARK [1][-]{section.7}{Socios institucionales}{}% 45
