This is pdfTeX, Version 3.14159265-2.6-1.40.20 (TeX Live 2019) (preloaded format=pdflatex 2019.12.6)  27 SEP 2021 15:52
entering extended mode
 restricted \write18 enabled.
 file:line:error style messages enabled.
 %&-line parsing enabled.
**ObiPeral.tex
(./ObiPeral.tex
LaTeX2e <2018-12-01>
(/usr/local/texlive/2019/texmf-dist/tex/latex/gaceta/gaceta.cls
File: gaceta.cls 2008/05/14, Clase para La Gaceta de la RSME, ver. 1.06

Clase para La Gaceta de la RSME, ver. 1.06, <2008/05/14>.
(/usr/local/texlive/2019/texmf-dist/tex/latex/base/article.cls
Document Class: article 2018/09/03 v1.4i Standard LaTeX document class
(/usr/local/texlive/2019/texmf-dist/tex/latex/base/size10.clo
File: size10.clo 2018/09/03 v1.4i Standard LaTeX file (size option)
)
\c@part=\count80
\c@section=\count81
\c@subsection=\count82
\c@subsubsection=\count83
\c@paragraph=\count84
\c@subparagraph=\count85
\c@figure=\count86
\c@table=\count87
\abovecaptionskip=\skip41
\belowcaptionskip=\skip42
\bibindent=\dimen102
)
(/usr/local/texlive/2019/texmf-dist/tex/latex/geometry/geometry.sty
Package: geometry 2018/04/16 v5.8 Page Geometry

(/usr/local/texlive/2019/texmf-dist/tex/latex/graphics/keyval.sty
Package: keyval 2014/10/28 v1.15 key=value parser (DPC)
\KV@toks@=\toks14
)
(/usr/local/texlive/2019/texmf-dist/tex/generic/oberdiek/ifpdf.sty
Package: ifpdf 2018/09/07 v3.3 Provides the ifpdf switch
)
(/usr/local/texlive/2019/texmf-dist/tex/generic/oberdiek/ifvtex.sty
Package: ifvtex 2016/05/16 v1.6 Detect VTeX and its facilities (HO)
Package ifvtex Info: VTeX not detected.
)
(/usr/local/texlive/2019/texmf-dist/tex/generic/ifxetex/ifxetex.sty
Package: ifxetex 2010/09/12 v0.6 Provides ifxetex conditional
)
\Gm@cnth=\count88
\Gm@cntv=\count89
\c@Gm@tempcnt=\count90
\Gm@bindingoffset=\dimen103
\Gm@wd@mp=\dimen104
\Gm@odd@mp=\dimen105
\Gm@even@mp=\dimen106
\Gm@layoutwidth=\dimen107
\Gm@layoutheight=\dimen108
\Gm@layouthoffset=\dimen109
\Gm@layoutvoffset=\dimen110
\Gm@dimlist=\toks15
)
(/usr/local/texlive/2019/texmf-dist/tex/generic/babel/babel.sty
Package: babel 2019/05/04 3.31 The Babel package

(/usr/local/texlive/2019/texmf-dist/tex/generic/babel/switch.def
File: switch.def 2019/05/04 3.31 Babel switching mechanism
)
(/usr/local/texlive/2019/texmf-dist/tex/generic/babel-spanish/spanish.ldf
Language: spanish.ldf 2016/03/03 v5.0p Spanish support from the babel system

(/usr/local/texlive/2019/texmf-dist/tex/generic/babel/babel.def
File: babel.def 2019/05/04 3.31 Babel common definitions
\babel@savecnt=\count91
\U@D=\dimen111

(/usr/local/texlive/2019/texmf-dist/tex/generic/babel/txtbabel.def)
\bbl@dirlevel=\count92
)
\es@quottoks=\toks16
\es@quotdepth=\count93
Package babel Info: Making " an active character on input line 561.
Package babel Info: Making . an active character on input line 662.
Package babel Info: Making < an active character on input line 707.
Package babel Info: Making > an active character on input line 707.
))
(/usr/local/texlive/2019/texmf-dist/tex/latex/graphics/graphicx.sty
Package: graphicx 2017/06/01 v1.1a Enhanced LaTeX Graphics (DPC,SPQR)

(/usr/local/texlive/2019/texmf-dist/tex/latex/graphics/graphics.sty
Package: graphics 2017/06/25 v1.2c Standard LaTeX Graphics (DPC,SPQR)

(/usr/local/texlive/2019/texmf-dist/tex/latex/graphics/trig.sty
Package: trig 2016/01/03 v1.10 sin cos tan (DPC)
)
(/usr/local/texlive/2019/texmf-dist/tex/latex/graphics-cfg/graphics.cfg
File: graphics.cfg 2016/06/04 v1.11 sample graphics configuration
)
Package graphics Info: Driver file: pdftex.def on input line 99.

(/usr/local/texlive/2019/texmf-dist/tex/latex/graphics-def/pdftex.def
File: pdftex.def 2018/01/08 v1.0l Graphics/color driver for pdftex
))
\Gin@req@height=\dimen112
\Gin@req@width=\dimen113
)
(/usr/local/texlive/2019/texmf-dist/tex/latex/url/url.sty
\Urlmuskip=\muskip10
Package: url 2013/09/16  ver 3.4  Verb mode for urls, etc.
)
(/usr/local/texlive/2019/texmf-dist/tex/latex/amsmath/amsmath.sty
Package: amsmath 2018/12/01 v2.17b AMS math features
\@mathmargin=\skip43

For additional information on amsmath, use the `?' option.
(/usr/local/texlive/2019/texmf-dist/tex/latex/amsmath/amstext.sty
Package: amstext 2000/06/29 v2.01 AMS text

(/usr/local/texlive/2019/texmf-dist/tex/latex/amsmath/amsgen.sty
File: amsgen.sty 1999/11/30 v2.0 generic functions
\@emptytoks=\toks17
\ex@=\dimen114
))
(/usr/local/texlive/2019/texmf-dist/tex/latex/amsmath/amsbsy.sty
Package: amsbsy 1999/11/29 v1.2d Bold Symbols
\pmbraise@=\dimen115
)
(/usr/local/texlive/2019/texmf-dist/tex/latex/amsmath/amsopn.sty
Package: amsopn 2016/03/08 v2.02 operator names
)
\inf@bad=\count94
LaTeX Info: Redefining \frac on input line 223.
\uproot@=\count95
\leftroot@=\count96
LaTeX Info: Redefining \overline on input line 385.
\classnum@=\count97
\DOTSCASE@=\count98
LaTeX Info: Redefining \ldots on input line 482.
LaTeX Info: Redefining \dots on input line 485.
LaTeX Info: Redefining \cdots on input line 606.
\Mathstrutbox@=\box27
\strutbox@=\box28
\big@size=\dimen116
LaTeX Font Info:    Redeclaring font encoding OML on input line 729.
LaTeX Font Info:    Redeclaring font encoding OMS on input line 730.
\macc@depth=\count99
\c@MaxMatrixCols=\count100
\dotsspace@=\muskip11
\c@parentequation=\count101
\dspbrk@lvl=\count102
\tag@help=\toks18
\row@=\count103
\column@=\count104
\maxfields@=\count105
\andhelp@=\toks19
\eqnshift@=\dimen117
\alignsep@=\dimen118
\tagshift@=\dimen119
\tagwidth@=\dimen120
\totwidth@=\dimen121
\lineht@=\dimen122
\@envbody=\toks20
\multlinegap=\skip44
\multlinetaggap=\skip45
\mathdisplay@stack=\toks21
LaTeX Info: Redefining \[ on input line 2844.
LaTeX Info: Redefining \] on input line 2845.
)
(/usr/local/texlive/2019/texmf-dist/tex/latex/amscls/amsthm.sty
Package: amsthm 2017/10/31 v2.20.4
\thm@style=\toks22
\thm@bodyfont=\toks23
\thm@headfont=\toks24
\thm@notefont=\toks25
\thm@headpunct=\toks26
\thm@preskip=\skip46
\thm@postskip=\skip47
\thm@headsep=\skip48
\dth@everypar=\toks27
)
(/usr/local/texlive/2019/texmf-dist/tex/latex/amsfonts/amssymb.sty
Package: amssymb 2013/01/14 v3.01 AMS font symbols

(/usr/local/texlive/2019/texmf-dist/tex/latex/amsfonts/amsfonts.sty
Package: amsfonts 2013/01/14 v3.01 Basic AMSFonts support
\symAMSa=\mathgroup4
\symAMSb=\mathgroup5
LaTeX Font Info:    Overwriting math alphabet `\mathfrak' in version `bold'
(Font)                  U/euf/m/n --> U/euf/b/n on input line 106.
))
\captionmargin=\dimen123
\forcedcaptionmargin=\dimen124
\c@finalpageoffixedsection=\count106
\thepreviousvspace=\dimen125
)
(/usr/local/texlive/2019/texmf-dist/tex/latex/base/fontenc.sty
Package: fontenc 2018/08/11 v2.0j Standard LaTeX package

(/usr/local/texlive/2019/texmf-dist/tex/latex/base/t1enc.def
File: t1enc.def 2018/08/11 v2.0j Standard LaTeX file
LaTeX Font Info:    Redeclaring font encoding T1 on input line 48.
))
(/usr/local/texlive/2019/texmf-dist/tex/latex/lm/lmodern.sty
Package: lmodern 2009/10/30 v1.6 Latin Modern Fonts
LaTeX Font Info:    Overwriting symbol font `operators' in version `normal'
(Font)                  OT1/cmr/m/n --> OT1/lmr/m/n on input line 22.
LaTeX Font Info:    Overwriting symbol font `letters' in version `normal'
(Font)                  OML/cmm/m/it --> OML/lmm/m/it on input line 23.
LaTeX Font Info:    Overwriting symbol font `symbols' in version `normal'
(Font)                  OMS/cmsy/m/n --> OMS/lmsy/m/n on input line 24.
LaTeX Font Info:    Overwriting symbol font `largesymbols' in version `normal'
(Font)                  OMX/cmex/m/n --> OMX/lmex/m/n on input line 25.
LaTeX Font Info:    Overwriting symbol font `operators' in version `bold'
(Font)                  OT1/cmr/bx/n --> OT1/lmr/bx/n on input line 26.
LaTeX Font Info:    Overwriting symbol font `letters' in version `bold'
(Font)                  OML/cmm/b/it --> OML/lmm/b/it on input line 27.
LaTeX Font Info:    Overwriting symbol font `symbols' in version `bold'
(Font)                  OMS/cmsy/b/n --> OMS/lmsy/b/n on input line 28.
LaTeX Font Info:    Overwriting symbol font `largesymbols' in version `bold'
(Font)                  OMX/cmex/m/n --> OMX/lmex/m/n on input line 29.
LaTeX Font Info:    Overwriting math alphabet `\mathbf' in version `normal'
(Font)                  OT1/cmr/bx/n --> OT1/lmr/bx/n on input line 31.
LaTeX Font Info:    Overwriting math alphabet `\mathsf' in version `normal'
(Font)                  OT1/cmss/m/n --> OT1/lmss/m/n on input line 32.
LaTeX Font Info:    Overwriting math alphabet `\mathit' in version `normal'
(Font)                  OT1/cmr/m/it --> OT1/lmr/m/it on input line 33.
LaTeX Font Info:    Overwriting math alphabet `\mathtt' in version `normal'
(Font)                  OT1/cmtt/m/n --> OT1/lmtt/m/n on input line 34.
LaTeX Font Info:    Overwriting math alphabet `\mathbf' in version `bold'
(Font)                  OT1/cmr/bx/n --> OT1/lmr/bx/n on input line 35.
LaTeX Font Info:    Overwriting math alphabet `\mathsf' in version `bold'
(Font)                  OT1/cmss/bx/n --> OT1/lmss/bx/n on input line 36.
LaTeX Font Info:    Overwriting math alphabet `\mathit' in version `bold'
(Font)                  OT1/cmr/bx/it --> OT1/lmr/bx/it on input line 37.
LaTeX Font Info:    Overwriting math alphabet `\mathtt' in version `bold'
(Font)                  OT1/cmtt/m/n --> OT1/lmtt/m/n on input line 38.
)
(/usr/local/texlive/2019/texmf-dist/tex/latex/base/inputenc.sty
Package: inputenc 2018/08/11 v1.3c Input encoding file
\inpenc@prehook=\toks28
\inpenc@posthook=\toks29
)
(./ObiPeral.aux
LaTeX Info: Redefining \. on input line 6.
LaTeX Info: Redefining \% on input line 6.
)
\openout1 = `ObiPeral.aux'.

LaTeX Font Info:    Checking defaults for OML/cmm/m/it on input line 91.
LaTeX Font Info:    ... okay on input line 91.
LaTeX Font Info:    Checking defaults for T1/cmr/m/n on input line 91.
LaTeX Font Info:    ... okay on input line 91.
LaTeX Font Info:    Checking defaults for OT1/cmr/m/n on input line 91.
LaTeX Font Info:    ... okay on input line 91.
LaTeX Font Info:    Checking defaults for OMS/cmsy/m/n on input line 91.
LaTeX Font Info:    ... okay on input line 91.
LaTeX Font Info:    Checking defaults for OMX/cmex/m/n on input line 91.
LaTeX Font Info:    ... okay on input line 91.
LaTeX Font Info:    Checking defaults for U/cmr/m/n on input line 91.
LaTeX Font Info:    ... okay on input line 91.
LaTeX Font Info:    Try loading font information for T1+lmr on input line 91.
 (/usr/local/texlive/2019/texmf-dist/tex/latex/lm/t1lmr.fd
File: t1lmr.fd 2009/10/30 v1.6 Font defs for Latin Modern
)
*geometry* driver: auto-detecting
*geometry* detected driver: pdftex
*geometry* verbose mode - [ preamble ] result:
* driver: pdftex
* paper: custom
* layout: <same size as paper>
* layoutoffset:(h,v)=(0.0pt,0.0pt)
* hratio: 1:1
* vratio: 1:1
* modes: twoside 
* h-part:(L,W,R)=(59.75073pt, 364.19536pt, 59.75075pt)
* v-part:(T,H,B)=(85.35826pt, 540.60236pt, 56.90552pt)
* \paperwidth=483.69684pt
* \paperheight=682.86613pt
* \textwidth=364.19536pt
* \textheight=540.60236pt
* \oddsidemargin=-12.51926pt
* \evensidemargin=-12.51924pt
* \topmargin=-23.91173pt
* \headheight=12.0pt
* \headsep=25.0pt
* \topskip=10.0pt
* \footskip=30.0pt
* \marginparwidth=28.45274pt
* \marginparsep=11.0pt
* \columnsep=28.45274pt
* \skip\footins=10.0pt plus 9.0pt minus 3.0pt
* \hoffset=0.0pt
* \voffset=0.0pt
* \mag=1000
* \@twocolumnfalse
* \@twosidetrue
* \@mparswitchtrue
* \@reversemarginfalse
* (1in=72.27pt=25.4mm, 1cm=28.453pt)

LaTeX Info: Redefining \. on input line 91.
LaTeX Info: Redefining \% on input line 91.
(/usr/local/texlive/2019/texmf-dist/tex/context/base/mkii/supp-pdf.mkii
[Loading MPS to PDF converter (version 2006.09.02).]
\scratchcounter=\count107
\scratchdimen=\dimen126
\scratchbox=\box29
\nofMPsegments=\count108
\nofMParguments=\count109
\everyMPshowfont=\toks30
\MPscratchCnt=\count110
\MPscratchDim=\dimen127
\MPnumerator=\count111
\makeMPintoPDFobject=\count112
\everyMPtoPDFconversion=\toks31
) (/usr/local/texlive/2019/texmf-dist/tex/latex/oberdiek/epstopdf-base.sty
Package: epstopdf-base 2016/05/15 v2.6 Base part for package epstopdf

(/usr/local/texlive/2019/texmf-dist/tex/generic/oberdiek/infwarerr.sty
Package: infwarerr 2016/05/16 v1.4 Providing info/warning/error messages (HO)
)
(/usr/local/texlive/2019/texmf-dist/tex/latex/oberdiek/grfext.sty
Package: grfext 2016/05/16 v1.2 Manage graphics extensions (HO)

(/usr/local/texlive/2019/texmf-dist/tex/generic/oberdiek/kvdefinekeys.sty
Package: kvdefinekeys 2016/05/16 v1.4 Define keys (HO)

(/usr/local/texlive/2019/texmf-dist/tex/generic/oberdiek/ltxcmds.sty
Package: ltxcmds 2016/05/16 v1.23 LaTeX kernel commands for general use (HO)
)))
(/usr/local/texlive/2019/texmf-dist/tex/latex/oberdiek/kvoptions.sty
Package: kvoptions 2016/05/16 v3.12 Key value format for package options (HO)

(/usr/local/texlive/2019/texmf-dist/tex/generic/oberdiek/kvsetkeys.sty
Package: kvsetkeys 2016/05/16 v1.17 Key value parser (HO)

(/usr/local/texlive/2019/texmf-dist/tex/generic/oberdiek/etexcmds.sty
Package: etexcmds 2016/05/16 v1.6 Avoid name clashes with e-TeX commands (HO)

(/usr/local/texlive/2019/texmf-dist/tex/generic/oberdiek/ifluatex.sty
Package: ifluatex 2016/05/16 v1.4 Provides the ifluatex switch (HO)
Package ifluatex Info: LuaTeX not detected.
))))
(/usr/local/texlive/2019/texmf-dist/tex/generic/oberdiek/pdftexcmds.sty
Package: pdftexcmds 2018/09/10 v0.29 Utility functions of pdfTeX for LuaTeX (HO
)
Package pdftexcmds Info: LuaTeX not detected.
Package pdftexcmds Info: \pdf@primitive is available.
Package pdftexcmds Info: \pdf@ifprimitive is available.
Package pdftexcmds Info: \pdfdraftmode found.
)
Package epstopdf-base Info: Redefining graphics rule for `.eps' on input line 4
38.
Package grfext Info: Graphics extension search list:
(grfext)             [.pdf,.png,.jpg,.mps,.jpeg,.jbig2,.jb2,.PDF,.PNG,.JPG,.JPE
G,.JBIG2,.JB2,.eps]
(grfext)             \AppendGraphicsExtensions on input line 456.

(/usr/local/texlive/2019/texmf-dist/tex/latex/latexconfig/epstopdf-sys.cfg
File: epstopdf-sys.cfg 2010/07/13 v1.3 Configuration of (r)epstopdf for TeX Liv
e
))
(./Peral-A-GA-P-A.tex
LaTeX Font Info:    Try loading font information for OT1+lmr on input line 22.

(/usr/local/texlive/2019/texmf-dist/tex/latex/lm/ot1lmr.fd
File: ot1lmr.fd 2009/10/30 v1.6 Font defs for Latin Modern
)
LaTeX Font Info:    Try loading font information for OML+lmm on input line 22.

(/usr/local/texlive/2019/texmf-dist/tex/latex/lm/omllmm.fd
File: omllmm.fd 2009/10/30 v1.6 Font defs for Latin Modern
)
LaTeX Font Info:    Try loading font information for OMS+lmsy on input line 22.


(/usr/local/texlive/2019/texmf-dist/tex/latex/lm/omslmsy.fd
File: omslmsy.fd 2009/10/30 v1.6 Font defs for Latin Modern
)
LaTeX Font Info:    Try loading font information for OMX+lmex on input line 22.


(/usr/local/texlive/2019/texmf-dist/tex/latex/lm/omxlmex.fd
File: omxlmex.fd 2009/10/30 v1.6 Font defs for Latin Modern
)
LaTeX Font Info:    External font `lmex10' loaded for size
(Font)              <10> on input line 22.
LaTeX Font Info:    External font `lmex10' loaded for size
(Font)              <7> on input line 22.
LaTeX Font Info:    External font `lmex10' loaded for size
(Font)              <5> on input line 22.
LaTeX Font Info:    Try loading font information for U+msa on input line 22.

(/usr/local/texlive/2019/texmf-dist/tex/latex/amsfonts/umsa.fd
File: umsa.fd 2013/01/14 v3.01 AMS symbols A
)
LaTeX Font Info:    Try loading font information for U+msb on input line 22.

(/usr/local/texlive/2019/texmf-dist/tex/latex/amsfonts/umsb.fd
File: umsb.fd 2013/01/14 v3.01 AMS symbols B
)
<IP_foto_UAM.jpg, id=1, 1644.1425pt x 1262.7175pt>
File: IP_foto_UAM.jpg Graphic file (type jpg)
<use IP_foto_UAM.jpg>
Package pdftex.def Info: IP_foto_UAM.jpg  used on input line 27.
(pdftex.def)             Requested size: 254.93564pt x 195.777pt.
LaTeX Info: Redefining \. on input line 33.
LaTeX Info: Redefining \% on input line 33.
 [10001{/usr/local/texlive/2019/texmf-var/fonts/map/pdftex/updmap/pdftex.map}

 <./IP_foto_UAM.jpg>]
<IP_foto_granada1.jpg, id=13, 1435.3625pt x 981.6675pt>
File: IP_foto_granada1.jpg Graphic file (type jpg)
<use IP_foto_granada1.jpg>
Package pdftex.def Info: IP_foto_granada1.jpg  used on input line 66.
(pdftex.def)             Requested size: 254.93564pt x 174.35579pt.
LaTeX Font Info:    External font `lmex10' loaded for size
(Font)              <8> on input line 80.
LaTeX Font Info:    External font `lmex10' loaded for size
(Font)              <6> on input line 80.
LaTeX Info: Redefining \. on input line 81.
LaTeX Info: Redefining \% on input line 81.
 [10002]
LaTeX Info: Redefining \. on input line 89.
LaTeX Info: Redefining \% on input line 89.
 [10003 <./IP_foto_granada1.jpg>]
LaTeX Info: Redefining \. on input line 98.
LaTeX Info: Redefining \% on input line 98.
 [10004]
LaTeX Info: Redefining \. on input line 121.
LaTeX Info: Redefining \% on input line 121.
 [10005]
LaTeX Info: Redefining \. on input line 130.
LaTeX Info: Redefining \% on input line 130.
 [10006]
LaTeX Info: Redefining \. on input line 141.
LaTeX Info: Redefining \% on input line 141.
 [10007]
<IP_foto_Alumnos.jpg, id=50, 427.1157pt x 287.27325pt>
File: IP_foto_Alumnos.jpg Graphic file (type jpg)
<use IP_foto_Alumnos.jpg>
Package pdftex.def Info: IP_foto_Alumnos.jpg  used on input line 144.
(pdftex.def)             Requested size: 254.93564pt x 171.46667pt.
LaTeX Info: Redefining \. on input line 155.
LaTeX Info: Redefining \% on input line 155.

[10008 <./IP_foto_Alumnos.jpg>]
LaTeX Info: Redefining \. on input line 190.
LaTeX Info: Redefining \% on input line 190.
 [10009]
<IP_foto_Salamanca2007.pdf, id=57, 845.1575pt x 597.23125pt>
File: IP_foto_Salamanca2007.pdf Graphic file (type pdf)
<use IP_foto_Salamanca2007.pdf>
Package pdftex.def Info: IP_foto_Salamanca2007.pdf  used on input line 201.
(pdftex.def)             Requested size: 254.93564pt x 180.14584pt.
LaTeX Info: Redefining \. on input line 209.
LaTeX Info: Redefining \% on input line 209.
 [10010]
LaTeX Info: Redefining \. on input line 220.
LaTeX Info: Redefining \% on input line 220.
 [10011 <./IP_foto_Salamanca2007.pdf, page is rotated 90 degrees>]
<IP_foto_Alumnas.jpeg, id=340, 1265.72874pt x 799.98875pt>
File: IP_foto_Alumnas.jpeg Graphic file (type jpg)
<use IP_foto_Alumnas.jpeg>
Package pdftex.def Info: IP_foto_Alumnas.jpeg  used on input line 241.
(pdftex.def)             Requested size: 254.93564pt x 161.11794pt.
LaTeX Info: Redefining \. on input line 250.
LaTeX Info: Redefining \% on input line 250.
 [10012]
LaTeX Info: Redefining \. on input line 256.
LaTeX Info: Redefining \% on input line 256.
 [10013 <./IP_foto_Alumnas.jpeg>]
LaTeX Info: Redefining \. on input line 265.
LaTeX Info: Redefining \% on input line 265.

[10014]
LaTeX Info: Redefining \. on input line 294.
LaTeX Info: Redefining \% on input line 294.
 [10015]
LaTeX Info: Redefining \. on input line 325.
LaTeX Info: Redefining \% on input line 325.
 [10016]
LaTeX Font Info:    Try loading font information for T1+lmtt on input line 335.


(/usr/local/texlive/2019/texmf-dist/tex/latex/lm/t1lmtt.fd
File: t1lmtt.fd 2009/10/30 v1.6 Font defs for Latin Modern
)) (./Peral-Meyer.tex
LaTeX Info: Redefining \. on input line 26.
LaTeX Info: Redefining \% on input line 26.
[10017]
LaTeX Info: Redefining \. on input line 40.
LaTeX Info: Redefining \% on input line 40.
 [10018]
LaTeX Info: Redefining \. on input line 52.
LaTeX Info: Redefining \% on input line 52.
 [10019]
<IP_foto_Nietos2.jpg, id=369, 1281.78876pt x 779.91376pt>
File: IP_foto_Nietos2.jpg Graphic file (type jpg)
<use IP_foto_Nietos2.jpg>
Package pdftex.def Info: IP_foto_Nietos2.jpg  used on input line 66.
(pdftex.def)             Requested size: 254.93564pt x 155.11125pt.
LaTeX Info: Redefining \. on input line 76.
LaTeX Info: Redefining \% on input line 76.
 [10020 <./IP_foto_Nietos2.jpg>])
(./Peral-Caffarelli.tex
LaTeX Info: Redefining \. on input line 39.
LaTeX Info: Redefining \% on input line 39.
 [10021]) (./Peral-Boccardo.tex
LaTeX Info: Redefining \. on input line 31.
LaTeX Info: Redefining \% on input line 31.
 [10022])
(./Peral-Juan_Carlos.tex
LaTeX Info: Redefining \. on input line 36.
LaTeX Info: Redefining \% on input line 36.
 [10023]
<IP_foto_boda.jpg, id=382, 96.36pt x 68.4156pt>
File: IP_foto_boda.jpg Graphic file (type jpg)
<use IP_foto_boda.jpg>
Package pdftex.def Info: IP_foto_boda.jpg  used on input line 43.
(pdftex.def)             Requested size: 254.93564pt x 181.00397pt.
LaTeX Info: Redefining \. on input line 60.
LaTeX Info: Redefining \% on input line 60.
 [10024 <./IP_foto_boda.jpg>])
LaTeX Info: Redefining \. on input line 129.
LaTeX Info: Redefining \% on input line 129.
 [10025]
(./ObiPeral.aux
LaTeX Info: Redefining \. on input line 6.
LaTeX Info: Redefining \% on input line 6.
) ) 
Here is how much of TeX's memory you used:
 4523 strings out of 492616
 61665 string characters out of 6129481
 147432 words of memory out of 5000000
 8302 multiletter control sequences out of 15000+600000
 86715 words of font info for 62 fonts, out of 8000000 for 9000
 1142 hyphenation exceptions out of 8191
 41i,9n,33p,2433b,480s stack positions out of 5000i,500n,10000p,200000b,80000s
{/usr/local/texlive/2019/texmf-dist/fonts/enc/dvips/lm/lm-ec.enc}{/usr/local
/texlive/2019/texmf-dist/fonts/enc/dvips/lm/lm-mathit.enc}{/usr/local/texlive/2
019/texmf-dist/fonts/enc/dvips/lm/lm-rm.enc}{/usr/local/texlive/2019/texmf-dist
/fonts/enc/dvips/lm/lm-mathsy.enc}{/usr/local/texlive/2019/texmf-dist/fonts/enc
/dvips/lm/lm-mathex.enc}</usr/local/texlive/2019/texmf-dist/fonts/type1/public/
lm/lmbx10.pfb></usr/local/texlive/2019/texmf-dist/fonts/type1/public/lm/lmbx12.
pfb></usr/local/texlive/2019/texmf-dist/fonts/type1/public/lm/lmbx8.pfb></usr/l
ocal/texlive/2019/texmf-dist/fonts/type1/public/lm/lmcsc10.pfb></usr/local/texl
ive/2019/texmf-dist/fonts/type1/public/lm/lmex10.pfb></usr/local/texlive/2019/t
exmf-dist/fonts/type1/public/lm/lmmi10.pfb></usr/local/texlive/2019/texmf-dist/
fonts/type1/public/lm/lmmi5.pfb></usr/local/texlive/2019/texmf-dist/fonts/type1
/public/lm/lmmi7.pfb></usr/local/texlive/2019/texmf-dist/fonts/type1/public/lm/
lmmi8.pfb></usr/local/texlive/2019/texmf-dist/fonts/type1/public/lm/lmr10.pfb><
/usr/local/texlive/2019/texmf-dist/fonts/type1/public/lm/lmr5.pfb></usr/local/t
exlive/2019/texmf-dist/fonts/type1/public/lm/lmr6.pfb></usr/local/texlive/2019/
texmf-dist/fonts/type1/public/lm/lmr7.pfb></usr/local/texlive/2019/texmf-dist/f
onts/type1/public/lm/lmr8.pfb></usr/local/texlive/2019/texmf-dist/fonts/type1/p
ublic/lm/lmr9.pfb></usr/local/texlive/2019/texmf-dist/fonts/type1/public/lm/lmr
i10.pfb></usr/local/texlive/2019/texmf-dist/fonts/type1/public/lm/lmri8.pfb></u
sr/local/texlive/2019/texmf-dist/fonts/type1/public/lm/lmsy10.pfb></usr/local/t
exlive/2019/texmf-dist/fonts/type1/public/lm/lmsy5.pfb></usr/local/texlive/2019
/texmf-dist/fonts/type1/public/lm/lmsy7.pfb></usr/local/texlive/2019/texmf-dist
/fonts/type1/public/lm/lmtt8.pfb></usr/local/texlive/2019/texmf-dist/fonts/type
1/public/amsfonts/symbols/msbm10.pfb></usr/local/texlive/2019/texmf-dist/fonts/
type1/public/amsfonts/symbols/msbm7.pfb>
Output written on ObiPeral.pdf (25 pages, 3821975 bytes).
PDF statistics:
 470 PDF objects out of 1000 (max. 8388607)
 189 compressed objects within 2 object streams
 0 named destinations out of 1000 (max. 500000)
 36 words of extra memory for PDF output out of 10000 (max. 10000000)

